2025-09-25 00:23:16,840 DEBUG passlib.utils.compat: loaded lazy attr 'SafeConfigParser': <class 'configparser.ConfigParser'>
2025-09-25 00:23:16,840 DEBUG passlib.utils.compat: loaded lazy attr 'NativeStringIO': <class '_io.StringIO'>
2025-09-25 00:23:16,840 DEBUG passlib.utils.compat: loaded lazy attr 'BytesIO': <class '_io.BytesIO'>
2025-09-25 00:23:16,846 DEBUG passlib.registry: registered 'bcrypt' handler: <class 'passlib.handlers.bcrypt.bcrypt'>
2025-09-25 00:23:17,059 DEBUG core.print_override: _print called: msg='\x01\x1b[1m\x1b[31m\x02\n   ______   __  __    _   __    _   __    ______    ____ \n  / ____/  / / / /   / | / /   / | / /   / ____/   / __ \\\n / / __   / / / /   /  |/ /   /  |/ /   / __/     / /_/ /\n/ /_/ /  / /_/ /   / /|  /   / /|  /   / /___    / _, _/ \n\\____/   \\____/   /_/ |_/   /_/ |_/   /_____/   /_/ |_|\n', color=None, to_console=True, to_op=None, world=False, end='\n'
2025-09-25 00:23:17,059 DEBUG core.utils: ENTER echo: msg='\x01\x1b[1m\x1b[31m\x02\n   ______   __  __    _   __    _   __    ______    ____ \n  / ____/  / / / /   / | / /   / | / /   / ____/   / __ \\\n / / __   / / / /   /  |/ /   /  |/ /   / __/     / /_/ /\n/ /_/ /  / /_/ /   / /|  /   / /|  /   / /___    / _, _/ \n\\____/   \\____/   /_/ |_/   /_/ |_/   /_____/   /_/ |_|\n', to_console=True, to_op=None, world_wide=False, color=None, end='\n'
2025-09-25 00:23:17,059 DEBUG core.utils: to_console path
2025-09-25 00:23:17,059 DEBUG core.print_override: echo delivered successfully
2025-09-25 00:23:17,059 DEBUG core.print_override: _print called: msg='\n', color=None, to_console=True, to_op=None, world=False, end='\n'
2025-09-25 00:23:17,059 DEBUG core.utils: ENTER echo: msg='\n', to_console=True, to_op=None, world_wide=False, color=None, end='\n'
2025-09-25 00:23:17,059 DEBUG core.utils: to_console path
2025-09-25 00:23:17,059 DEBUG core.print_override: echo delivered successfully
2025-09-25 00:23:17,495 DEBUG asyncio: Using selector: EpollSelector
2025-09-25 00:23:17,594 DEBUG __main__: === starting teamserver ===
2025-09-25 00:23:17,595 DEBUG __main__: dispatch_operators thread started
2025-09-25 00:23:17,596 DEBUG core.print_override: _print called: msg='Traceback (most recent call last):\n', color=None, to_console=True, to_op=None, world=False, end=''
2025-09-25 00:23:17,596 DEBUG core.utils: ENTER echo: msg='Traceback (most recent call last):\n', to_console=True, to_op=None, world_wide=False, color=None, end=''
2025-09-25 00:23:17,596 DEBUG core.utils: to_console path
2025-09-25 00:23:17,596 DEBUG core.print_override: echo delivered successfully
2025-09-25 00:23:17,596 DEBUG core.print_override: _print called: msg='  File \x1b[35m"/home/steve/Documents/Projects/Personal/My GitHub/GunnerC2/main.py"\x1b[0m, line \x1b[35m1937\x1b[0m, in \x1b[35m<module>\x1b[0m\n    \x1b[31moperator_loop\x1b[0m\x1b[1;31m()\x1b[0m\n    \x1b[31m~~~~~~~~~~~~~\x1b[0m\x1b[1;31m^^\x1b[0m\n', color=None, to_console=True, to_op=None, world=False, end=''
2025-09-25 00:23:17,596 DEBUG core.utils: ENTER echo: msg='  File \x1b[35m"/home/steve/Documents/Projects/Personal/My GitHub/GunnerC2/main.py"\x1b[0m, line \x1b[35m1937\x1b[0m, in \x1b[35m<module>\x1b[0m\n    \x1b[31moperator_loop\x1b[0m\x1b[1;31m()\x1b[0m\n    \x1b[31m~~~~~~~~~~~~~\x1b[0m\x1b[1;31m^^\x1b[0m\n', to_console=True, to_op=None, world_wide=False, color=None, end=''
2025-09-25 00:23:17,597 DEBUG core.utils: to_console path
2025-09-25 00:23:17,597 DEBUG core.print_override: echo delivered successfully
2025-09-25 00:23:17,597 DEBUG core.print_override: _print called: msg='  File \x1b[35m"/home/steve/Documents/Projects/Personal/My GitHub/GunnerC2/main.py"\x1b[0m, line \x1b[35m1766\x1b[0m, in \x1b[35moperator_loop\x1b[0m\n    \x1b[31mreadline.read_history_file\x1b[0m\x1b[1;31m(HISTORY_FILE)\x1b[0m\n    \x1b[31m~~~~~~~~~~~~~~~~~~~~~~~~~~\x1b[0m\x1b[1;31m^^^^^^^^^^^^^^\x1b[0m\n', color=None, to_console=True, to_op=None, world=False, end=''
2025-09-25 00:23:17,597 DEBUG core.utils: ENTER echo: msg='  File \x1b[35m"/home/steve/Documents/Projects/Personal/My GitHub/GunnerC2/main.py"\x1b[0m, line \x1b[35m1766\x1b[0m, in \x1b[35moperator_loop\x1b[0m\n    \x1b[31mreadline.read_history_file\x1b[0m\x1b[1;31m(HISTORY_FILE)\x1b[0m\n    \x1b[31m~~~~~~~~~~~~~~~~~~~~~~~~~~\x1b[0m\x1b[1;31m^^^^^^^^^^^^^^\x1b[0m\n', to_console=True, to_op=None, world_wide=False, color=None, end=''
2025-09-25 00:23:17,597 DEBUG core.utils: to_console path
2025-09-25 00:23:17,597 DEBUG core.print_override: echo delivered successfully
2025-09-25 00:23:17,597 DEBUG core.print_override: _print called: msg='\x1b[1;35mOSError\x1b[0m: \x1b[35m[Errno 22] Invalid argument\x1b[0m\n', color=None, to_console=True, to_op=None, world=False, end=''
2025-09-25 00:23:17,597 DEBUG core.utils: ENTER echo: msg='\x1b[1;35mOSError\x1b[0m: \x1b[35m[Errno 22] Invalid argument\x1b[0m\n', to_console=True, to_op=None, world_wide=False, color=None, end=''
2025-09-25 00:23:17,597 DEBUG core.utils: to_console path
2025-09-25 00:23:17,597 DEBUG core.print_override: echo delivered successfully
